[2019-06-08 22:51:04] INFO  org.springframework.boot.StartupInfoLogger 50 logStarting - Starting DemoApplication on NBSP with PID 11836 (C:\Users\admin\Desktop\demo123\demo\target\classes started by admin in C:\Users\admin\Desktop\demo123\demo)
[2019-06-08 22:51:04] INFO  org.springframework.boot.SpringApplication 675 logStartupProfileInfo - No active profile set, falling back to default profiles: default
[2019-06-08 22:51:06] INFO  org.springframework.context.support.PostProcessorRegistrationDelegate$BeanPostProcessorChecker 330 postProcessAfterInitialization - Bean 'druid-stat-pointcut' of type [org.springframework.aop.support.JdkRegexpMethodPointcut] is not eligible for getting processed by all BeanPostProcessors (for example: not eligible for auto-proxying)
[2019-06-08 22:51:06] INFO  org.springframework.context.support.PostProcessorRegistrationDelegate$BeanPostProcessorChecker 330 postProcessAfterInitialization - Bean 'org.springframework.aop.support.DefaultBeanFactoryPointcutAdvisor#0' of type [org.springframework.aop.support.DefaultBeanFactoryPointcutAdvisor] is not eligible for getting processed by all BeanPostProcessors (for example: not eligible for auto-proxying)
[2019-06-08 22:51:06] INFO  org.springframework.context.support.PostProcessorRegistrationDelegate$BeanPostProcessorChecker 330 postProcessAfterInitialization - Bean 'org.springframework.transaction.annotation.ProxyTransactionManagementConfiguration' of type [org.springframework.transaction.annotation.ProxyTransactionManagementConfiguration$$EnhancerBySpringCGLIB$$90f2aa61] is not eligible for getting processed by all BeanPostProcessors (for example: not eligible for auto-proxying)
[2019-06-08 22:51:07] INFO  org.springframework.boot.web.embedded.tomcat.TomcatWebServer 90 initialize - Tomcat initialized with port(s): 8181 (http)
[2019-06-08 22:51:07] INFO  org.apache.juli.logging.DirectJDKLog 173 log - Starting service [Tomcat]
[2019-06-08 22:51:07] INFO  org.apache.juli.logging.DirectJDKLog 173 log - Starting Servlet Engine: Apache Tomcat/9.0.13
[2019-06-08 22:51:07] INFO  org.apache.juli.logging.DirectJDKLog 173 log - Loaded APR based Apache Tomcat Native library [1.2.21] using APR version [1.6.5].
[2019-06-08 22:51:07] INFO  org.apache.juli.logging.DirectJDKLog 173 log - APR capabilities: IPv6 [true], sendfile [true], accept filters [false], random [true].
[2019-06-08 22:51:07] INFO  org.apache.juli.logging.DirectJDKLog 173 log - APR/OpenSSL configuration: useAprConnector [false], useOpenSSL [true]
[2019-06-08 22:51:07] INFO  org.apache.juli.logging.DirectJDKLog 173 log - OpenSSL successfully initialized [OpenSSL 1.1.1a  20 Nov 2018]
[2019-06-08 22:51:07] INFO  org.apache.juli.logging.DirectJDKLog 173 log - Initializing Spring embedded WebApplicationContext
[2019-06-08 22:51:07] INFO  org.springframework.boot.web.servlet.context.ServletWebServerApplicationContext 296 prepareWebApplicationContext - Root WebApplicationContext: initialization completed in 3410 ms
[2019-06-08 22:51:07] INFO  org.springframework.beans.factory.annotation.AutowiredAnnotationBeanPostProcessor 342 determineCandidateConstructors - Inconsistent constructor declaration on bean with name 'testServiceImpl': single autowire-marked constructor flagged as optional - this constructor is effectively required since there is no default constructor to fall back to: public cn.mutounao.demo.services.impl.TestServiceImpl(cn.mutounao.demo.mapper.TestMapper)
[2019-06-08 22:51:09] INFO  org.springframework.scheduling.concurrent.ExecutorConfigurationSupport 171 initialize - Initializing ExecutorService 'applicationTaskExecutor'
[2019-06-08 22:51:09] INFO  org.springframework.boot.web.embedded.tomcat.TomcatWebServer 204 start - Tomcat started on port(s): 8181 (http) with context path ''
[2019-06-08 22:51:09] INFO  org.springframework.boot.StartupInfoLogger 59 logStarted - Started DemoApplication in 6.508 seconds (JVM running for 7.564)
[2019-06-08 22:51:17] INFO  org.apache.juli.logging.DirectJDKLog 173 log - Initializing Spring DispatcherServlet 'dispatcherServlet'
[2019-06-08 22:51:17] INFO  org.springframework.web.servlet.FrameworkServlet 524 initServletBean - Initializing Servlet 'dispatcherServlet'
[2019-06-08 22:51:17] INFO  org.springframework.web.servlet.FrameworkServlet 546 initServletBean - Completed initialization in 8 ms
[2019-06-08 22:51:18] INFO  com.alibaba.druid.pool.DruidDataSource 947 init - {dataSource-1} inited
